
**** Build of configuration Debug for project TIVAC-Examples ****

"C:\\ti\\ccs1260\\ccs\\utils\\bin\\gmake" -k -j 4 all -O 
 
Building file: "../tm4c123gh6pm_startup_ccs.c"
Invoking: Arm Compiler
"C:/ti/ccs1260/ccs/tools/compiler/ti-cgt-arm_20.2.7.LTS/bin/armcl" -mv7M4 --code_state=16 --float_support=FPv4SPD16 -me --include_path="C:/Users/shady/Desktop/TIVA-C(WORKSPACE)/TIVAC-Examples" --include_path="C:/ti/ccs1260/ccs/tools/compiler/ti-cgt-arm_20.2.7.LTS/include" --define=ccs="ccs" --define=PART_TM4C123GH6PM -g --gcc --diag_warning=225 --diag_wrap=off --display_error_number --abi=eabi --preproc_with_compile --preproc_dependency="tm4c123gh6pm_startup_ccs.d_raw"  "../tm4c123gh6pm_startup_ccs.c"
Finished building: "../tm4c123gh6pm_startup_ccs.c"
 
Building file: "../main.c"
Invoking: Arm Compiler
"C:/ti/ccs1260/ccs/tools/compiler/ti-cgt-arm_20.2.7.LTS/bin/armcl" -mv7M4 --code_state=16 --float_support=FPv4SPD16 -me --include_path="C:/Users/shady/Desktop/TIVA-C(WORKSPACE)/TIVAC-Examples" --include_path="C:/ti/ccs1260/ccs/tools/compiler/ti-cgt-arm_20.2.7.LTS/include" --define=ccs="ccs" --define=PART_TM4C123GH6PM -g --gcc --diag_warning=225 --diag_wrap=off --display_error_number --abi=eabi --preproc_with_compile --preproc_dependency="main.d_raw"  "../main.c"
Finished building: "../main.c"
 
Building target: "TIVAC-Examples.out"
Invoking: Arm Linker
"C:/ti/ccs1260/ccs/tools/compiler/ti-cgt-arm_20.2.7.LTS/bin/armcl" -mv7M4 --code_state=16 --float_support=FPv4SPD16 -me --define=ccs="ccs" --define=PART_TM4C123GH6PM -g --gcc --diag_warning=225 --diag_wrap=off --display_error_number --abi=eabi -z -m"TIVAC-Examples.map" --heap_size=0 --stack_size=512 -i"C:/ti/ccs1260/ccs/tools/compiler/ti-cgt-arm_20.2.7.LTS/lib" -i"C:/ti/ccs1260/ccs/tools/compiler/ti-cgt-arm_20.2.7.LTS/include" --reread_libs --diag_wrap=off --display_error_number --warn_sections --xml_link_info="TIVAC-Examples_linkInfo.xml" --rom_model -o "TIVAC-Examples.out" "./main.obj" "./tm4c123gh6pm_startup_ccs.obj" "../tm4c123gh6pm.cmd"  -llibc.a 
<Linking>
Finished building target: "TIVAC-Examples.out"
 

**** Build Finished ****

**** Build of configuration Debug for project TIVAC-Examples ****

"C:\\ti\\ccs1260\\ccs\\utils\\bin\\gmake" -k -j 4 all -O 
 
Building file: "../GPIO_EXAMPLE1.c"
Invoking: Arm Compiler
"C:/ti/ccs1260/ccs/tools/compiler/ti-cgt-arm_20.2.7.LTS/bin/armcl" -mv7M4 --code_state=16 --float_support=FPv4SPD16 -me --include_path="C:/Users/shady/Desktop/TIVA-C(WORKSPACE)/TIVAC-Examples" --include_path="C:/ti/ccs1260/ccs/tools/compiler/ti-cgt-arm_20.2.7.LTS/include" --define=ccs="ccs" --define=PART_TM4C123GH6PM -g --gcc --diag_warning=225 --diag_wrap=off --display_error_number --abi=eabi --preproc_with_compile --preproc_dependency="GPIO_EXAMPLE1.d_raw"  "../GPIO_EXAMPLE1.c"
Finished building: "../GPIO_EXAMPLE1.c"
 
Building target: "TIVAC-Examples.out"
Invoking: Arm Linker
"C:/ti/ccs1260/ccs/tools/compiler/ti-cgt-arm_20.2.7.LTS/bin/armcl" -mv7M4 --code_state=16 --float_support=FPv4SPD16 -me --define=ccs="ccs" --define=PART_TM4C123GH6PM -g --gcc --diag_warning=225 --diag_wrap=off --display_error_number --abi=eabi -z -m"TIVAC-Examples.map" --heap_size=0 --stack_size=512 -i"C:/ti/ccs1260/ccs/tools/compiler/ti-cgt-arm_20.2.7.LTS/lib" -i"C:/ti/ccs1260/ccs/tools/compiler/ti-cgt-arm_20.2.7.LTS/include" --reread_libs --diag_wrap=off --display_error_number --warn_sections --xml_link_info="TIVAC-Examples_linkInfo.xml" --rom_model -o "TIVAC-Examples.out" "./GPIO_EXAMPLE1.obj" "./tm4c123gh6pm_startup_ccs.obj" "../tm4c123gh6pm.cmd"  -llibc.a 
<Linking>
Finished building target: "TIVAC-Examples.out"
 

**** Build Finished ****

**** Clean-only build of configuration Debug for project TIVAC-(GPIO)Examples ****

"C:\\ti\\ccs1260\\ccs\\utils\\bin\\gmake" -k -j 4 clean -O 
 
DEL /F  "TIVAC-Examples.out" 
DEL /F "GPIO_EXAMPLE1.obj" "tm4c123gh6pm_startup_ccs.obj" 
DEL /F "GPIO_EXAMPLE1.d" "tm4c123gh6pm_startup_ccs.d" 
Finished clean
 

**** Build Finished ****

**** Build of configuration Debug for project TIVAC-(GPIO)Examples ****

"C:\\ti\\ccs1260\\ccs\\utils\\bin\\gmake" -k -j 4 all -O 
 
Building file: "../GPIO_EXAMPLE1.c"
Invoking: Arm Compiler
"C:/ti/ccs1260/ccs/tools/compiler/ti-cgt-arm_20.2.7.LTS/bin/armcl" -mv7M4 --code_state=16 --float_support=FPv4SPD16 -me --include_path="C:/Users/shady/Desktop/TIVA-C(WORKSPACE)/TIVAC-(GPIO)Examples" --include_path="C:/ti/ccs1260/ccs/tools/compiler/ti-cgt-arm_20.2.7.LTS/include" --define=ccs="ccs" --define=PART_TM4C123GH6PM -g --gcc --diag_warning=225 --diag_wrap=off --display_error_number --abi=eabi --preproc_with_compile --preproc_dependency="GPIO_EXAMPLE1.d_raw"  "../GPIO_EXAMPLE1.c"
Finished building: "../GPIO_EXAMPLE1.c"
 
Building file: "../tm4c123gh6pm_startup_ccs.c"
Invoking: Arm Compiler
"C:/ti/ccs1260/ccs/tools/compiler/ti-cgt-arm_20.2.7.LTS/bin/armcl" -mv7M4 --code_state=16 --float_support=FPv4SPD16 -me --include_path="C:/Users/shady/Desktop/TIVA-C(WORKSPACE)/TIVAC-(GPIO)Examples" --include_path="C:/ti/ccs1260/ccs/tools/compiler/ti-cgt-arm_20.2.7.LTS/include" --define=ccs="ccs" --define=PART_TM4C123GH6PM -g --gcc --diag_warning=225 --diag_wrap=off --display_error_number --abi=eabi --preproc_with_compile --preproc_dependency="tm4c123gh6pm_startup_ccs.d_raw"  "../tm4c123gh6pm_startup_ccs.c"
Finished building: "../tm4c123gh6pm_startup_ccs.c"
 
Building target: "TIVAC-(GPIO)Examples.out"
Invoking: Arm Linker
"C:/ti/ccs1260/ccs/tools/compiler/ti-cgt-arm_20.2.7.LTS/bin/armcl" -mv7M4 --code_state=16 --float_support=FPv4SPD16 -me --define=ccs="ccs" --define=PART_TM4C123GH6PM -g --gcc --diag_warning=225 --diag_wrap=off --display_error_number --abi=eabi -z -m"TIVAC-(GPIO)Examples.map" --heap_size=0 --stack_size=512 -i"C:/ti/ccs1260/ccs/tools/compiler/ti-cgt-arm_20.2.7.LTS/lib" -i"C:/ti/ccs1260/ccs/tools/compiler/ti-cgt-arm_20.2.7.LTS/include" --reread_libs --diag_wrap=off --display_error_number --warn_sections --xml_link_info="TIVAC-(GPIO)Examples_linkInfo.xml" --rom_model -o "TIVAC-(GPIO)Examples.out" "./GPIO_EXAMPLE1.obj" "./tm4c123gh6pm_startup_ccs.obj" "../tm4c123gh6pm.cmd"  -llibc.a 
<Linking>
Finished building target: "TIVAC-(GPIO)Examples.out"
 

**** Build Finished ****

**** Build of configuration Debug for project TIVAC-(GPIO)Examples ****

"C:\\ti\\ccs1260\\ccs\\utils\\bin\\gmake" -k -j 4 all -O 
 
Building file: "../GPIO_EXAMPLE2.c"
Invoking: Arm Compiler
"C:/ti/ccs1260/ccs/tools/compiler/ti-cgt-arm_20.2.7.LTS/bin/armcl" -mv7M4 --code_state=16 --float_support=FPv4SPD16 -me --include_path="C:/Users/shady/Desktop/TIVA-C(WORKSPACE)/TIVAC-(GPIO)Examples" --include_path="C:/ti/ccs1260/ccs/tools/compiler/ti-cgt-arm_20.2.7.LTS/include" --define=ccs="ccs" --define=PART_TM4C123GH6PM -g --gcc --diag_warning=225 --diag_wrap=off --display_error_number --abi=eabi --preproc_with_compile --preproc_dependency="GPIO_EXAMPLE2.d_raw"  "../GPIO_EXAMPLE2.c"
"../GPIO_EXAMPLE2.c", line 68: warning #112-D: statement is unreachable
Finished building: "../GPIO_EXAMPLE2.c"
 
Building file: "../GPIO_EXAMPLE1.c"
Invoking: Arm Compiler
"C:/ti/ccs1260/ccs/tools/compiler/ti-cgt-arm_20.2.7.LTS/bin/armcl" -mv7M4 --code_state=16 --float_support=FPv4SPD16 -me --include_path="C:/Users/shady/Desktop/TIVA-C(WORKSPACE)/TIVAC-(GPIO)Examples" --include_path="C:/ti/ccs1260/ccs/tools/compiler/ti-cgt-arm_20.2.7.LTS/include" --define=ccs="ccs" --define=PART_TM4C123GH6PM -g --gcc --diag_warning=225 --diag_wrap=off --display_error_number --abi=eabi --preproc_with_compile --preproc_dependency="GPIO_EXAMPLE1.d_raw"  "../GPIO_EXAMPLE1.c"
"../GPIO_EXAMPLE1.c", line 80: warning #112-D: statement is unreachable
Finished building: "../GPIO_EXAMPLE1.c"
 
Building target: "TIVAC-(GPIO)Examples.out"
Invoking: Arm Linker
"C:/ti/ccs1260/ccs/tools/compiler/ti-cgt-arm_20.2.7.LTS/bin/armcl" -mv7M4 --code_state=16 --float_support=FPv4SPD16 -me --define=ccs="ccs" --define=PART_TM4C123GH6PM -g --gcc --diag_warning=225 --diag_wrap=off --display_error_number --abi=eabi -z -m"TIVAC-(GPIO)Examples.map" --heap_size=0 --stack_size=512 -i"C:/ti/ccs1260/ccs/tools/compiler/ti-cgt-arm_20.2.7.LTS/lib" -i"C:/ti/ccs1260/ccs/tools/compiler/ti-cgt-arm_20.2.7.LTS/include" --reread_libs --diag_wrap=off --display_error_number --warn_sections --xml_link_info="TIVAC-(GPIO)Examples_linkInfo.xml" --rom_model -o "TIVAC-(GPIO)Examples.out" "./GPIO_EXAMPLE1.obj" "./GPIO_EXAMPLE2.obj" "./tm4c123gh6pm_startup_ccs.obj" "../tm4c123gh6pm.cmd"  -llibc.a 
<Linking>
error #10056: symbol "Delay_MS" redefined: first defined in "./GPIO_EXAMPLE1.obj"; redefined in "./GPIO_EXAMPLE2.obj"
error #10056: symbol "main" redefined: first defined in "./GPIO_EXAMPLE1.obj"; redefined in "./GPIO_EXAMPLE2.obj"
error #10010: errors encountered during linking; "TIVAC-(GPIO)Examples.out" not built
 
>> Compilation failure
makefile:137: recipe for target 'TIVAC-(GPIO)Examples.out' failed
gmake[1]: *** [TIVAC-(GPIO)Examples.out] Error 1
makefile:133: recipe for target 'all' failed
gmake: *** [all] Error 2

**** Build Finished ****

**** Build of configuration Debug for project TIVAC-(GPIO)Examples ****

"C:\\ti\\ccs1260\\ccs\\utils\\bin\\gmake" -k -j 4 all -O 
 
Building target: "TIVAC-(GPIO)Examples.out"
Invoking: Arm Linker
"C:/ti/ccs1260/ccs/tools/compiler/ti-cgt-arm_20.2.7.LTS/bin/armcl" -mv7M4 --code_state=16 --float_support=FPv4SPD16 -me --define=ccs="ccs" --define=PART_TM4C123GH6PM -g --gcc --diag_warning=225 --diag_wrap=off --display_error_number --abi=eabi -z -m"TIVAC-(GPIO)Examples.map" --heap_size=0 --stack_size=512 -i"C:/ti/ccs1260/ccs/tools/compiler/ti-cgt-arm_20.2.7.LTS/lib" -i"C:/ti/ccs1260/ccs/tools/compiler/ti-cgt-arm_20.2.7.LTS/include" --reread_libs --diag_wrap=off --display_error_number --warn_sections --xml_link_info="TIVAC-(GPIO)Examples_linkInfo.xml" --rom_model -o "TIVAC-(GPIO)Examples.out" "./GPIO_EXAMPLE1.obj" "./tm4c123gh6pm_startup_ccs.obj" "../tm4c123gh6pm.cmd"  -llibc.a 
<Linking>
Finished building target: "TIVAC-(GPIO)Examples.out"
 

**** Build Finished ****

**** Build of configuration Debug for project TIVAC-(GPIO)Example(2) ****

"C:\\ti\\ccs1260\\ccs\\utils\\bin\\gmake" -k -j 4 all -O 
 
Building file: "../tm4c123gh6pm_startup_ccs.c"
Invoking: Arm Compiler
"C:/ti/ccs1260/ccs/tools/compiler/ti-cgt-arm_20.2.7.LTS/bin/armcl" -mv7M4 --code_state=16 --float_support=FPv4SPD16 -me --include_path="C:/Users/shady/Desktop/TIVA-C(WORKSPACE)/TIVAC-(GPIO)Example(2)" --include_path="C:/ti/ccs1260/ccs/tools/compiler/ti-cgt-arm_20.2.7.LTS/include" --define=ccs="ccs" --define=PART_TM4C123GH6PM -g --gcc --diag_warning=225 --diag_wrap=off --display_error_number --abi=eabi --preproc_with_compile --preproc_dependency="tm4c123gh6pm_startup_ccs.d_raw"  "../tm4c123gh6pm_startup_ccs.c"
Finished building: "../tm4c123gh6pm_startup_ccs.c"
 
Building file: "../main.c"
Invoking: Arm Compiler
"C:/ti/ccs1260/ccs/tools/compiler/ti-cgt-arm_20.2.7.LTS/bin/armcl" -mv7M4 --code_state=16 --float_support=FPv4SPD16 -me --include_path="C:/Users/shady/Desktop/TIVA-C(WORKSPACE)/TIVAC-(GPIO)Example(2)" --include_path="C:/ti/ccs1260/ccs/tools/compiler/ti-cgt-arm_20.2.7.LTS/include" --define=ccs="ccs" --define=PART_TM4C123GH6PM -g --gcc --diag_warning=225 --diag_wrap=off --display_error_number --abi=eabi --preproc_with_compile --preproc_dependency="main.d_raw"  "../main.c"
Finished building: "../main.c"
 
Building target: "TIVAC-(GPIO)Example(2).out"
Invoking: Arm Linker
"C:/ti/ccs1260/ccs/tools/compiler/ti-cgt-arm_20.2.7.LTS/bin/armcl" -mv7M4 --code_state=16 --float_support=FPv4SPD16 -me --define=ccs="ccs" --define=PART_TM4C123GH6PM -g --gcc --diag_warning=225 --diag_wrap=off --display_error_number --abi=eabi -z -m"TIVAC-(GPIO)Example(2).map" --heap_size=0 --stack_size=512 -i"C:/ti/ccs1260/ccs/tools/compiler/ti-cgt-arm_20.2.7.LTS/lib" -i"C:/ti/ccs1260/ccs/tools/compiler/ti-cgt-arm_20.2.7.LTS/include" --reread_libs --diag_wrap=off --display_error_number --warn_sections --xml_link_info="TIVAC-(GPIO)Example(2)_linkInfo.xml" --rom_model -o "TIVAC-(GPIO)Example(2).out" "./main.obj" "./tm4c123gh6pm_startup_ccs.obj" "../tm4c123gh6pm.cmd"  -llibc.a 
<Linking>
Finished building target: "TIVAC-(GPIO)Example(2).out"
 

**** Build Finished ****

**** Build of configuration Debug for project TIVAC-(GPIO)Example(2) ****

"C:\\ti\\ccs1260\\ccs\\utils\\bin\\gmake" -k -j 4 all -O 
 
gmake[1]: 'TIVAC-(GPIO)Example(2).out' is up to date.

**** Build Finished ****

**** Build of configuration Debug for project TIVAC-(GPIO)Example(2) ****

"C:\\ti\\ccs1260\\ccs\\utils\\bin\\gmake" -k -j 4 all -O 
 
Building file: "../main.c"
Invoking: Arm Compiler
"C:/ti/ccs1260/ccs/tools/compiler/ti-cgt-arm_20.2.7.LTS/bin/armcl" -mv7M4 --code_state=16 --float_support=FPv4SPD16 -me --include_path="C:/Users/shady/Desktop/TIVA-C(WORKSPACE)/TIVAC-(GPIO)Example(2)" --include_path="C:/ti/ccs1260/ccs/tools/compiler/ti-cgt-arm_20.2.7.LTS/include" --define=ccs="ccs" --define=PART_TM4C123GH6PM -g --gcc --diag_warning=225 --diag_wrap=off --display_error_number --abi=eabi --preproc_with_compile --preproc_dependency="main.d_raw"  "../main.c"
Finished building: "../main.c"
 
Building target: "TIVAC-(GPIO)Example(2).out"
Invoking: Arm Linker
"C:/ti/ccs1260/ccs/tools/compiler/ti-cgt-arm_20.2.7.LTS/bin/armcl" -mv7M4 --code_state=16 --float_support=FPv4SPD16 -me --define=ccs="ccs" --define=PART_TM4C123GH6PM -g --gcc --diag_warning=225 --diag_wrap=off --display_error_number --abi=eabi -z -m"TIVAC-(GPIO)Example(2).map" --heap_size=0 --stack_size=512 -i"C:/ti/ccs1260/ccs/tools/compiler/ti-cgt-arm_20.2.7.LTS/lib" -i"C:/ti/ccs1260/ccs/tools/compiler/ti-cgt-arm_20.2.7.LTS/include" --reread_libs --diag_wrap=off --display_error_number --warn_sections --xml_link_info="TIVAC-(GPIO)Example(2)_linkInfo.xml" --rom_model -o "TIVAC-(GPIO)Example(2).out" "./main.obj" "./tm4c123gh6pm_startup_ccs.obj" "../tm4c123gh6pm.cmd"  -llibc.a 
<Linking>
Finished building target: "TIVAC-(GPIO)Example(2).out"
 

**** Build Finished ****

**** Clean-only build of configuration Debug for project Exercise2 ****

"C:\\ti\\ccs1260\\ccs\\utils\\bin\\gmake" -k -j 4 clean -O 
 
DEL /F  "Exercise2.out" 
DEL /F "main.obj" "tm4c123gh6pm_startup_ccs.obj" 
DEL /F "main.d" "tm4c123gh6pm_startup_ccs.d" 
Finished clean
 

**** Build Finished ****

**** Build of configuration Debug for project Exercise2 ****

"C:\\ti\\ccs1260\\ccs\\utils\\bin\\gmake" -k -j 4 all -O 
 
Building file: "../main.c"
Invoking: Arm Compiler
"C:/ti/ccs1260/ccs/tools/compiler/ti-cgt-arm_20.2.7.LTS/bin/armcl" -mv7M4 --code_state=16 --float_support=FPv4SPD16 -me --include_path="C:/Users/shady/Desktop/Edges Training/Training Examples/1.GPIO_Exercises_WS/1.GPIO_Exercises_WS/Exercise2" --include_path="C:/ti/ccs1260/ccs/tools/compiler/ti-cgt-arm_20.2.7.LTS/include" --define=ccs="ccs" --define=PART_TM4C123GH6PM -g --gcc --diag_warning=225 --diag_wrap=off --display_error_number --abi=eabi --preproc_with_compile --preproc_dependency="main.d_raw"  "../main.c"
Finished building: "../main.c"
 
Building file: "../tm4c123gh6pm_startup_ccs.c"
Invoking: Arm Compiler
"C:/ti/ccs1260/ccs/tools/compiler/ti-cgt-arm_20.2.7.LTS/bin/armcl" -mv7M4 --code_state=16 --float_support=FPv4SPD16 -me --include_path="C:/Users/shady/Desktop/Edges Training/Training Examples/1.GPIO_Exercises_WS/1.GPIO_Exercises_WS/Exercise2" --include_path="C:/ti/ccs1260/ccs/tools/compiler/ti-cgt-arm_20.2.7.LTS/include" --define=ccs="ccs" --define=PART_TM4C123GH6PM -g --gcc --diag_warning=225 --diag_wrap=off --display_error_number --abi=eabi --preproc_with_compile --preproc_dependency="tm4c123gh6pm_startup_ccs.d_raw"  "../tm4c123gh6pm_startup_ccs.c"
Finished building: "../tm4c123gh6pm_startup_ccs.c"
 
Building target: "Exercise2.out"
Invoking: Arm Linker
"C:/ti/ccs1260/ccs/tools/compiler/ti-cgt-arm_20.2.7.LTS/bin/armcl" -mv7M4 --code_state=16 --float_support=FPv4SPD16 -me --define=ccs="ccs" --define=PART_TM4C123GH6PM -g --gcc --diag_warning=225 --diag_wrap=off --display_error_number --abi=eabi -z -m"Exercise2.map" --heap_size=0 --stack_size=512 -i"C:/ti/ccs1260/ccs/tools/compiler/ti-cgt-arm_20.2.7.LTS/lib" -i"C:/ti/ccs1260/ccs/tools/compiler/ti-cgt-arm_20.2.7.LTS/include" --reread_libs --diag_wrap=off --display_error_number --warn_sections --xml_link_info="Exercise2_linkInfo.xml" --rom_model -o "Exercise2.out" "./main.obj" "./tm4c123gh6pm_startup_ccs.obj" "../tm4c123gh6pm.cmd"  -llibc.a 
<Linking>
Finished building target: "Exercise2.out"
 

**** Build Finished ****

**** Clean-only build of configuration Debug for project TIVAC-(GPIO)Example(1) ****

"C:\\ti\\ccs1260\\ccs\\utils\\bin\\gmake" -k -j 4 clean -O 
 
DEL /F  "TIVAC-(GPIO)Examples.out" 
DEL /F "GPIO_EXAMPLE1.obj" "tm4c123gh6pm_startup_ccs.obj" 
DEL /F "GPIO_EXAMPLE1.d" "tm4c123gh6pm_startup_ccs.d" 
Finished clean
 

**** Build Finished ****

**** Build of configuration Debug for project TIVAC-(GPIO)Example(1) ****

"C:\\ti\\ccs1260\\ccs\\utils\\bin\\gmake" -k -j 4 all -O 
 
Building file: "../GPIO_EXAMPLE1.c"
Invoking: Arm Compiler
"C:/ti/ccs1260/ccs/tools/compiler/ti-cgt-arm_20.2.7.LTS/bin/armcl" -mv7M4 --code_state=16 --float_support=FPv4SPD16 -me --include_path="C:/Users/shady/Desktop/TIVA-C(WORKSPACE)/TIVAC-(GPIO)Example(1)" --include_path="C:/ti/ccs1260/ccs/tools/compiler/ti-cgt-arm_20.2.7.LTS/include" --define=ccs="ccs" --define=PART_TM4C123GH6PM -g --gcc --diag_warning=225 --diag_wrap=off --display_error_number --abi=eabi --preproc_with_compile --preproc_dependency="GPIO_EXAMPLE1.d_raw"  "../GPIO_EXAMPLE1.c"
"../GPIO_EXAMPLE1.c", line 80: warning #112-D: statement is unreachable
Finished building: "../GPIO_EXAMPLE1.c"
 
Building file: "../tm4c123gh6pm_startup_ccs.c"
Invoking: Arm Compiler
"C:/ti/ccs1260/ccs/tools/compiler/ti-cgt-arm_20.2.7.LTS/bin/armcl" -mv7M4 --code_state=16 --float_support=FPv4SPD16 -me --include_path="C:/Users/shady/Desktop/TIVA-C(WORKSPACE)/TIVAC-(GPIO)Example(1)" --include_path="C:/ti/ccs1260/ccs/tools/compiler/ti-cgt-arm_20.2.7.LTS/include" --define=ccs="ccs" --define=PART_TM4C123GH6PM -g --gcc --diag_warning=225 --diag_wrap=off --display_error_number --abi=eabi --preproc_with_compile --preproc_dependency="tm4c123gh6pm_startup_ccs.d_raw"  "../tm4c123gh6pm_startup_ccs.c"
Finished building: "../tm4c123gh6pm_startup_ccs.c"
 
Building target: "TIVAC-(GPIO)Example(1).out"
Invoking: Arm Linker
"C:/ti/ccs1260/ccs/tools/compiler/ti-cgt-arm_20.2.7.LTS/bin/armcl" -mv7M4 --code_state=16 --float_support=FPv4SPD16 -me --define=ccs="ccs" --define=PART_TM4C123GH6PM -g --gcc --diag_warning=225 --diag_wrap=off --display_error_number --abi=eabi -z -m"TIVAC-(GPIO)Example(1).map" --heap_size=0 --stack_size=512 -i"C:/ti/ccs1260/ccs/tools/compiler/ti-cgt-arm_20.2.7.LTS/lib" -i"C:/ti/ccs1260/ccs/tools/compiler/ti-cgt-arm_20.2.7.LTS/include" --reread_libs --diag_wrap=off --display_error_number --warn_sections --xml_link_info="TIVAC-(GPIO)Example(1)_linkInfo.xml" --rom_model -o "TIVAC-(GPIO)Example(1).out" "./GPIO_EXAMPLE1.obj" "./tm4c123gh6pm_startup_ccs.obj" "../tm4c123gh6pm.cmd"  -llibc.a 
<Linking>
Finished building target: "TIVAC-(GPIO)Example(1).out"
 

**** Build Finished ****

**** Build of configuration Debug for project TIVAC-(GPIO)Example(2) ****

"C:\\ti\\ccs1260\\ccs\\utils\\bin\\gmake" -k -j 4 all -O 
 
Building file: "../main.c"
Invoking: Arm Compiler
"C:/ti/ccs1260/ccs/tools/compiler/ti-cgt-arm_20.2.7.LTS/bin/armcl" -mv7M4 --code_state=16 --float_support=FPv4SPD16 -me --include_path="C:/Users/shady/Desktop/TIVA-C(WORKSPACE)/TIVAC-(GPIO)Example(2)" --include_path="C:/ti/ccs1260/ccs/tools/compiler/ti-cgt-arm_20.2.7.LTS/include" --define=ccs="ccs" --define=PART_TM4C123GH6PM -g --gcc --diag_warning=225 --diag_wrap=off --display_error_number --abi=eabi --preproc_with_compile --preproc_dependency="main.d_raw"  "../main.c"
Finished building: "../main.c"
 
Building target: "TIVAC-(GPIO)Example(2).out"
Invoking: Arm Linker
"C:/ti/ccs1260/ccs/tools/compiler/ti-cgt-arm_20.2.7.LTS/bin/armcl" -mv7M4 --code_state=16 --float_support=FPv4SPD16 -me --define=ccs="ccs" --define=PART_TM4C123GH6PM -g --gcc --diag_warning=225 --diag_wrap=off --display_error_number --abi=eabi -z -m"TIVAC-(GPIO)Example(2).map" --heap_size=0 --stack_size=512 -i"C:/ti/ccs1260/ccs/tools/compiler/ti-cgt-arm_20.2.7.LTS/lib" -i"C:/ti/ccs1260/ccs/tools/compiler/ti-cgt-arm_20.2.7.LTS/include" --reread_libs --diag_wrap=off --display_error_number --warn_sections --xml_link_info="TIVAC-(GPIO)Example(2)_linkInfo.xml" --rom_model -o "TIVAC-(GPIO)Example(2).out" "./main.obj" "./tm4c123gh6pm_startup_ccs.obj" "../tm4c123gh6pm.cmd"  -llibc.a 
<Linking>
Finished building target: "TIVAC-(GPIO)Example(2).out"
 

**** Build Finished ****

**** Build of configuration Debug for project TIVAC-(GPIO)Example(1) ****

"C:\\ti\\ccs1260\\ccs\\utils\\bin\\gmake" -k -j 4 all -O 
 
Building file: "../GPIO_EXAMPLE1.c"
Invoking: Arm Compiler
"C:/ti/ccs1260/ccs/tools/compiler/ti-cgt-arm_20.2.7.LTS/bin/armcl" -mv7M4 --code_state=16 --float_support=FPv4SPD16 -me --include_path="C:/Users/shady/Desktop/TIVA-C(WORKSPACE)/TIVAC-(GPIO)Example(1)" --include_path="C:/ti/ccs1260/ccs/tools/compiler/ti-cgt-arm_20.2.7.LTS/include" --define=ccs="ccs" --define=PART_TM4C123GH6PM -g --gcc --diag_warning=225 --diag_wrap=off --display_error_number --abi=eabi --preproc_with_compile --preproc_dependency="GPIO_EXAMPLE1.d_raw"  "../GPIO_EXAMPLE1.c"
"../GPIO_EXAMPLE1.c", line 62: warning #225-D: function "Led_Red_Init" declared implicitly
Finished building: "../GPIO_EXAMPLE1.c"
 
Building target: "TIVAC-(GPIO)Example(1).out"
Invoking: Arm Linker
"C:/ti/ccs1260/ccs/tools/compiler/ti-cgt-arm_20.2.7.LTS/bin/armcl" -mv7M4 --code_state=16 --float_support=FPv4SPD16 -me --define=ccs="ccs" --define=PART_TM4C123GH6PM -g --gcc --diag_warning=225 --diag_wrap=off --display_error_number --abi=eabi -z -m"TIVAC-(GPIO)Example(1).map" --heap_size=0 --stack_size=512 -i"C:/ti/ccs1260/ccs/tools/compiler/ti-cgt-arm_20.2.7.LTS/lib" -i"C:/ti/ccs1260/ccs/tools/compiler/ti-cgt-arm_20.2.7.LTS/include" --reread_libs --diag_wrap=off --display_error_number --warn_sections --xml_link_info="TIVAC-(GPIO)Example(1)_linkInfo.xml" --rom_model -o "TIVAC-(GPIO)Example(1).out" "./GPIO_EXAMPLE1.obj" "./tm4c123gh6pm_startup_ccs.obj" "../tm4c123gh6pm.cmd"  -llibc.a 
<Linking>
 
 undefined    first referenced   
  symbol          in file        
 ---------    ----------------   
 Led_Red_Init ./GPIO_EXAMPLE1.obj
 
error #10234-D: unresolved symbols remain
error #10010: errors encountered during linking; "TIVAC-(GPIO)Example(1).out" not built
 
>> Compilation failure
makefile:136: recipe for target 'TIVAC-(GPIO)Example(1).out' failed
gmake[1]: *** [TIVAC-(GPIO)Example(1).out] Error 1
makefile:132: recipe for target 'all' failed
gmake: *** [all] Error 2

**** Build Finished ****

**** Build of configuration Debug for project TIVAC-(GPIO)Example(1) ****

"C:\\ti\\ccs1260\\ccs\\utils\\bin\\gmake" -k -j 4 all -O 
 
Building file: "../GPIO_EXAMPLE1.c"
Invoking: Arm Compiler
"C:/ti/ccs1260/ccs/tools/compiler/ti-cgt-arm_20.2.7.LTS/bin/armcl" -mv7M4 --code_state=16 --float_support=FPv4SPD16 -me --include_path="C:/Users/shady/Desktop/TIVA-C(WORKSPACE)/TIVAC-(GPIO)Example(1)" --include_path="C:/ti/ccs1260/ccs/tools/compiler/ti-cgt-arm_20.2.7.LTS/include" --define=ccs="ccs" --define=PART_TM4C123GH6PM -g --gcc --diag_warning=225 --diag_wrap=off --display_error_number --abi=eabi --preproc_with_compile --preproc_dependency="GPIO_EXAMPLE1.d_raw"  "../GPIO_EXAMPLE1.c"
Finished building: "../GPIO_EXAMPLE1.c"
 
Building target: "TIVAC-(GPIO)Example(1).out"
Invoking: Arm Linker
"C:/ti/ccs1260/ccs/tools/compiler/ti-cgt-arm_20.2.7.LTS/bin/armcl" -mv7M4 --code_state=16 --float_support=FPv4SPD16 -me --define=ccs="ccs" --define=PART_TM4C123GH6PM -g --gcc --diag_warning=225 --diag_wrap=off --display_error_number --abi=eabi -z -m"TIVAC-(GPIO)Example(1).map" --heap_size=0 --stack_size=512 -i"C:/ti/ccs1260/ccs/tools/compiler/ti-cgt-arm_20.2.7.LTS/lib" -i"C:/ti/ccs1260/ccs/tools/compiler/ti-cgt-arm_20.2.7.LTS/include" --reread_libs --diag_wrap=off --display_error_number --warn_sections --xml_link_info="TIVAC-(GPIO)Example(1)_linkInfo.xml" --rom_model -o "TIVAC-(GPIO)Example(1).out" "./GPIO_EXAMPLE1.obj" "./tm4c123gh6pm_startup_ccs.obj" "../tm4c123gh6pm.cmd"  -llibc.a 
<Linking>
Finished building target: "TIVAC-(GPIO)Example(1).out"
 

**** Build Finished ****

**** Clean-only build of configuration Debug for project Exercise1 ****

"C:\\ti\\ccs1260\\ccs\\utils\\bin\\gmake" -k -j 4 clean -O 
 
DEL /F  "Exercise1.out" 
DEL /F "main.obj" "tm4c123gh6pm_startup_ccs.obj" 
DEL /F "main.d" "tm4c123gh6pm_startup_ccs.d" 
Finished clean
 

**** Build Finished ****

**** Build of configuration Debug for project Exercise1 ****

"C:\\ti\\ccs1260\\ccs\\utils\\bin\\gmake" -k -j 4 all -O 
 
Building file: "../main.c"
Invoking: Arm Compiler
"C:/ti/ccs1260/ccs/tools/compiler/ti-cgt-arm_20.2.7.LTS/bin/armcl" -mv7M4 --code_state=16 --float_support=FPv4SPD16 -me --include_path="C:/Users/shady/Desktop/Edges Training/Training Examples/1.GPIO_Exercises_WS/1.GPIO_Exercises_WS/Exercise1" --include_path="C:/ti/ccs1260/ccs/tools/compiler/ti-cgt-arm_20.2.7.LTS/include" --define=ccs="ccs" --define=PART_TM4C123GH6PM -g --gcc --diag_warning=225 --diag_wrap=off --display_error_number --abi=eabi --preproc_with_compile --preproc_dependency="main.d_raw"  "../main.c"
Finished building: "../main.c"
 
Building file: "../tm4c123gh6pm_startup_ccs.c"
Invoking: Arm Compiler
"C:/ti/ccs1260/ccs/tools/compiler/ti-cgt-arm_20.2.7.LTS/bin/armcl" -mv7M4 --code_state=16 --float_support=FPv4SPD16 -me --include_path="C:/Users/shady/Desktop/Edges Training/Training Examples/1.GPIO_Exercises_WS/1.GPIO_Exercises_WS/Exercise1" --include_path="C:/ti/ccs1260/ccs/tools/compiler/ti-cgt-arm_20.2.7.LTS/include" --define=ccs="ccs" --define=PART_TM4C123GH6PM -g --gcc --diag_warning=225 --diag_wrap=off --display_error_number --abi=eabi --preproc_with_compile --preproc_dependency="tm4c123gh6pm_startup_ccs.d_raw"  "../tm4c123gh6pm_startup_ccs.c"
Finished building: "../tm4c123gh6pm_startup_ccs.c"
 
Building target: "Exercise1.out"
Invoking: Arm Linker
"C:/ti/ccs1260/ccs/tools/compiler/ti-cgt-arm_20.2.7.LTS/bin/armcl" -mv7M4 --code_state=16 --float_support=FPv4SPD16 -me --define=ccs="ccs" --define=PART_TM4C123GH6PM -g --gcc --diag_warning=225 --diag_wrap=off --display_error_number --abi=eabi -z -m"Exercise1.map" --heap_size=0 --stack_size=512 -i"C:/ti/ccs1260/ccs/tools/compiler/ti-cgt-arm_20.2.7.LTS/lib" -i"C:/ti/ccs1260/ccs/tools/compiler/ti-cgt-arm_20.2.7.LTS/include" --reread_libs --diag_wrap=off --display_error_number --warn_sections --xml_link_info="Exercise1_linkInfo.xml" --rom_model -o "Exercise1.out" "./main.obj" "./tm4c123gh6pm_startup_ccs.obj" "../tm4c123gh6pm.cmd"  -llibc.a 
<Linking>
Finished building target: "Exercise1.out"
 

**** Build Finished ****

**** Build of configuration Debug for project TIVAC-(GPIO)Example(1) ****

"C:\\ti\\ccs1260\\ccs\\utils\\bin\\gmake" -k -j 4 all -O 
 
gmake[1]: 'TIVAC-(GPIO)Example(1).out' is up to date.

**** Build Finished ****

**** Build of configuration Debug for project TIVAC-(GPIO)Example(2) ****

"C:\\ti\\ccs1260\\ccs\\utils\\bin\\gmake" -k -j 4 all -O 
 
gmake[1]: 'TIVAC-(GPIO)Example(2).out' is up to date.

**** Build Finished ****

**** Build of configuration Debug for project TIVAC-(GPIO)Example(3) ****

"C:\\ti\\ccs1260\\ccs\\utils\\bin\\gmake" -k -j 4 all -O 
 
Building file: "../tm4c123gh6pm_startup_ccs.c"
Invoking: Arm Compiler
"C:/ti/ccs1260/ccs/tools/compiler/ti-cgt-arm_20.2.7.LTS/bin/armcl" -mv7M4 --code_state=16 --float_support=FPv4SPD16 -me --include_path="C:/Users/shady/Desktop/TIVA-C(WORKSPACE)/TIVAC-(GPIO)Example(3)" --include_path="C:/ti/ccs1260/ccs/tools/compiler/ti-cgt-arm_20.2.7.LTS/include" --define=ccs="ccs" --define=PART_TM4C123GH6PM -g --gcc --diag_warning=225 --diag_wrap=off --display_error_number --abi=eabi --preproc_with_compile --preproc_dependency="tm4c123gh6pm_startup_ccs.d_raw"  "../tm4c123gh6pm_startup_ccs.c"
Finished building: "../tm4c123gh6pm_startup_ccs.c"
 
Building file: "../main.c"
Invoking: Arm Compiler
"C:/ti/ccs1260/ccs/tools/compiler/ti-cgt-arm_20.2.7.LTS/bin/armcl" -mv7M4 --code_state=16 --float_support=FPv4SPD16 -me --include_path="C:/Users/shady/Desktop/TIVA-C(WORKSPACE)/TIVAC-(GPIO)Example(3)" --include_path="C:/ti/ccs1260/ccs/tools/compiler/ti-cgt-arm_20.2.7.LTS/include" --define=ccs="ccs" --define=PART_TM4C123GH6PM -g --gcc --diag_warning=225 --diag_wrap=off --display_error_number --abi=eabi --preproc_with_compile --preproc_dependency="main.d_raw"  "../main.c"
"../main.c", line 42: warning #112-D: statement is unreachable
Finished building: "../main.c"
 
Building target: "TIVAC-(GPIO)Example(3).out"
Invoking: Arm Linker
"C:/ti/ccs1260/ccs/tools/compiler/ti-cgt-arm_20.2.7.LTS/bin/armcl" -mv7M4 --code_state=16 --float_support=FPv4SPD16 -me --define=ccs="ccs" --define=PART_TM4C123GH6PM -g --gcc --diag_warning=225 --diag_wrap=off --display_error_number --abi=eabi -z -m"TIVAC-(GPIO)Example(3).map" --heap_size=0 --stack_size=512 -i"C:/ti/ccs1260/ccs/tools/compiler/ti-cgt-arm_20.2.7.LTS/lib" -i"C:/ti/ccs1260/ccs/tools/compiler/ti-cgt-arm_20.2.7.LTS/include" --reread_libs --diag_wrap=off --display_error_number --warn_sections --xml_link_info="TIVAC-(GPIO)Example(3)_linkInfo.xml" --rom_model -o "TIVAC-(GPIO)Example(3).out" "./main.obj" "./tm4c123gh6pm_startup_ccs.obj" "../tm4c123gh6pm.cmd"  -llibc.a 
<Linking>
Finished building target: "TIVAC-(GPIO)Example(3).out"
 

**** Build Finished ****

**** Build of configuration Debug for project TIVAC-(GPIO)Example(3) ****

"C:\\ti\\ccs1260\\ccs\\utils\\bin\\gmake" -k -j 4 all -O 
 
gmake[1]: 'TIVAC-(GPIO)Example(3).out' is up to date.

**** Build Finished ****

**** Build of configuration Debug for project TIVAC-(GPIO)Example(4) ****

"C:\\ti\\ccs1260\\ccs\\utils\\bin\\gmake" -k -j 4 all -O 
 
Building file: "../main.c"
Invoking: Arm Compiler
"C:/ti/ccs1260/ccs/tools/compiler/ti-cgt-arm_20.2.7.LTS/bin/armcl" -mv7M4 --code_state=16 --float_support=FPv4SPD16 -me --include_path="C:/Users/shady/Desktop/TIVA-C(WORKSPACE)/TIVAC-(GPIO)Example(4)" --include_path="C:/ti/ccs1260/ccs/tools/compiler/ti-cgt-arm_20.2.7.LTS/include" --define=ccs="ccs" --define=PART_TM4C123GH6PM -g --gcc --diag_warning=225 --diag_wrap=off --display_error_number --abi=eabi --preproc_with_compile --preproc_dependency="main.d_raw"  "../main.c"
 
>> Compilation failure
subdir_rules.mk:9: recipe for target 'main.obj' failed
"../main.c", line 69: error #171: expected a declaration
"../main.c", line 122: warning #12-D: parsing restarts here after previous syntax error
"../main.c", line 123: error #171: expected a declaration
2 errors detected in the compilation of "../main.c".
gmake: *** [main.obj] Error 1
Building file: "../tm4c123gh6pm_startup_ccs.c"
Invoking: Arm Compiler
"C:/ti/ccs1260/ccs/tools/compiler/ti-cgt-arm_20.2.7.LTS/bin/armcl" -mv7M4 --code_state=16 --float_support=FPv4SPD16 -me --include_path="C:/Users/shady/Desktop/TIVA-C(WORKSPACE)/TIVAC-(GPIO)Example(4)" --include_path="C:/ti/ccs1260/ccs/tools/compiler/ti-cgt-arm_20.2.7.LTS/include" --define=ccs="ccs" --define=PART_TM4C123GH6PM -g --gcc --diag_warning=225 --diag_wrap=off --display_error_number --abi=eabi --preproc_with_compile --preproc_dependency="tm4c123gh6pm_startup_ccs.d_raw"  "../tm4c123gh6pm_startup_ccs.c"
Finished building: "../tm4c123gh6pm_startup_ccs.c"
 
gmake: Target 'all' not remade because of errors.

**** Build Finished ****

**** Build of configuration Debug for project TIVAC-(GPIO)Example(4) ****

"C:\\ti\\ccs1260\\ccs\\utils\\bin\\gmake" -k -j 4 all -O 
 
Building file: "../main.c"
Invoking: Arm Compiler
"C:/ti/ccs1260/ccs/tools/compiler/ti-cgt-arm_20.2.7.LTS/bin/armcl" -mv7M4 --code_state=16 --float_support=FPv4SPD16 -me --include_path="C:/Users/shady/Desktop/TIVA-C(WORKSPACE)/TIVAC-(GPIO)Example(4)" --include_path="C:/ti/ccs1260/ccs/tools/compiler/ti-cgt-arm_20.2.7.LTS/include" --define=ccs="ccs" --define=PART_TM4C123GH6PM -g --gcc --diag_warning=225 --diag_wrap=off --display_error_number --abi=eabi --preproc_with_compile --preproc_dependency="main.d_raw"  "../main.c"
"../main.c", line 121: warning #112-D: statement is unreachable
Finished building: "../main.c"
 
Building target: "TIVAC-(GPIO)Example(4).out"
Invoking: Arm Linker
"C:/ti/ccs1260/ccs/tools/compiler/ti-cgt-arm_20.2.7.LTS/bin/armcl" -mv7M4 --code_state=16 --float_support=FPv4SPD16 -me --define=ccs="ccs" --define=PART_TM4C123GH6PM -g --gcc --diag_warning=225 --diag_wrap=off --display_error_number --abi=eabi -z -m"TIVAC-(GPIO)Example(4).map" --heap_size=0 --stack_size=512 -i"C:/ti/ccs1260/ccs/tools/compiler/ti-cgt-arm_20.2.7.LTS/lib" -i"C:/ti/ccs1260/ccs/tools/compiler/ti-cgt-arm_20.2.7.LTS/include" --reread_libs --diag_wrap=off --display_error_number --warn_sections --xml_link_info="TIVAC-(GPIO)Example(4)_linkInfo.xml" --rom_model -o "TIVAC-(GPIO)Example(4).out" "./main.obj" "./tm4c123gh6pm_startup_ccs.obj" "../tm4c123gh6pm.cmd"  -llibc.a 
<Linking>
Finished building target: "TIVAC-(GPIO)Example(4).out"
 

**** Build Finished ****

**** Build of configuration Debug for project TIVAC-(GPIO)Example(4) ****

"C:\\ti\\ccs1260\\ccs\\utils\\bin\\gmake" -k -j 4 all -O 
 
Building file: "../main.c"
Invoking: Arm Compiler
"C:/ti/ccs1260/ccs/tools/compiler/ti-cgt-arm_20.2.7.LTS/bin/armcl" -mv7M4 --code_state=16 --float_support=FPv4SPD16 -me --include_path="C:/Users/shady/Desktop/TIVA-C(WORKSPACE)/TIVAC-(GPIO)Example(4)" --include_path="C:/ti/ccs1260/ccs/tools/compiler/ti-cgt-arm_20.2.7.LTS/include" --define=ccs="ccs" --define=PART_TM4C123GH6PM -g --gcc --diag_warning=225 --diag_wrap=off --display_error_number --abi=eabi --preproc_with_compile --preproc_dependency="main.d_raw"  "../main.c"
Finished building: "../main.c"
 
Building target: "TIVAC-(GPIO)Example(4).out"
Invoking: Arm Linker
"C:/ti/ccs1260/ccs/tools/compiler/ti-cgt-arm_20.2.7.LTS/bin/armcl" -mv7M4 --code_state=16 --float_support=FPv4SPD16 -me --define=ccs="ccs" --define=PART_TM4C123GH6PM -g --gcc --diag_warning=225 --diag_wrap=off --display_error_number --abi=eabi -z -m"TIVAC-(GPIO)Example(4).map" --heap_size=0 --stack_size=512 -i"C:/ti/ccs1260/ccs/tools/compiler/ti-cgt-arm_20.2.7.LTS/lib" -i"C:/ti/ccs1260/ccs/tools/compiler/ti-cgt-arm_20.2.7.LTS/include" --reread_libs --diag_wrap=off --display_error_number --warn_sections --xml_link_info="TIVAC-(GPIO)Example(4)_linkInfo.xml" --rom_model -o "TIVAC-(GPIO)Example(4).out" "./main.obj" "./tm4c123gh6pm_startup_ccs.obj" "../tm4c123gh6pm.cmd"  -llibc.a 
<Linking>
Finished building target: "TIVAC-(GPIO)Example(4).out"
 

**** Build Finished ****

**** Build of configuration Debug for project TIVAC-(SYSTICKTIMER)Example(1) ****

"C:\\ti\\ccs1260\\ccs\\utils\\bin\\gmake" -k -j 4 all -O 
 
Building file: "../tm4c123gh6pm_startup_ccs.c"
Invoking: Arm Compiler
"C:/ti/ccs1260/ccs/tools/compiler/ti-cgt-arm_20.2.7.LTS/bin/armcl" -mv7M4 --code_state=16 --float_support=FPv4SPD16 -me --include_path="C:/Users/shady/Desktop/TIVA-C(WORKSPACE)/TIVAC-(SYSTICKTIMER)Example(1)" --include_path="C:/ti/ccs1260/ccs/tools/compiler/ti-cgt-arm_20.2.7.LTS/include" --define=ccs="ccs" --define=PART_TM4C123GH6PM -g --gcc --diag_warning=225 --diag_wrap=off --display_error_number --abi=eabi --preproc_with_compile --preproc_dependency="tm4c123gh6pm_startup_ccs.d_raw"  "../tm4c123gh6pm_startup_ccs.c"
Finished building: "../tm4c123gh6pm_startup_ccs.c"
 
Building file: "../main.c"
Invoking: Arm Compiler
"C:/ti/ccs1260/ccs/tools/compiler/ti-cgt-arm_20.2.7.LTS/bin/armcl" -mv7M4 --code_state=16 --float_support=FPv4SPD16 -me --include_path="C:/Users/shady/Desktop/TIVA-C(WORKSPACE)/TIVAC-(SYSTICKTIMER)Example(1)" --include_path="C:/ti/ccs1260/ccs/tools/compiler/ti-cgt-arm_20.2.7.LTS/include" --define=ccs="ccs" --define=PART_TM4C123GH6PM -g --gcc --diag_warning=225 --diag_wrap=off --display_error_number --abi=eabi --preproc_with_compile --preproc_dependency="main.d_raw"  "../main.c"
"../main.c", line 80: warning #112-D: statement is unreachable
Finished building: "../main.c"
 
Building target: "TIVAC-(SYSTICKTIMER)Example(1).out"
Invoking: Arm Linker
"C:/ti/ccs1260/ccs/tools/compiler/ti-cgt-arm_20.2.7.LTS/bin/armcl" -mv7M4 --code_state=16 --float_support=FPv4SPD16 -me --define=ccs="ccs" --define=PART_TM4C123GH6PM -g --gcc --diag_warning=225 --diag_wrap=off --display_error_number --abi=eabi -z -m"TIVAC-(SYSTICKTIMER)Example(1).map" --heap_size=0 --stack_size=512 -i"C:/ti/ccs1260/ccs/tools/compiler/ti-cgt-arm_20.2.7.LTS/lib" -i"C:/ti/ccs1260/ccs/tools/compiler/ti-cgt-arm_20.2.7.LTS/include" --reread_libs --diag_wrap=off --display_error_number --warn_sections --xml_link_info="TIVAC-(SYSTICKTIMER)Example(1)_linkInfo.xml" --rom_model -o "TIVAC-(SYSTICKTIMER)Example(1).out" "./main.obj" "./tm4c123gh6pm_startup_ccs.obj" "../tm4c123gh6pm.cmd"  -llibc.a 
<Linking>
Finished building target: "TIVAC-(SYSTICKTIMER)Example(1).out"
 

**** Build Finished ****

**** Build of configuration Debug for project TIVAC-(SYSTICKTIMER)Example(1) ****

"C:\\ti\\ccs1260\\ccs\\utils\\bin\\gmake" -k -j 4 all -O 
 
Building file: "../main.c"
Invoking: Arm Compiler
"C:/ti/ccs1260/ccs/tools/compiler/ti-cgt-arm_20.2.7.LTS/bin/armcl" -mv7M4 --code_state=16 --float_support=FPv4SPD16 -me --include_path="C:/Users/shady/Desktop/TIVA-C(WORKSPACE)/TIVAC-(SYSTICKTIMER)Example(1)" --include_path="C:/ti/ccs1260/ccs/tools/compiler/ti-cgt-arm_20.2.7.LTS/include" --define=ccs="ccs" --define=PART_TM4C123GH6PM -g --gcc --diag_warning=225 --diag_wrap=off --display_error_number --abi=eabi --preproc_with_compile --preproc_dependency="main.d_raw"  "../main.c"
Finished building: "../main.c"
 
Building target: "TIVAC-(SYSTICKTIMER)Example(1).out"
Invoking: Arm Linker
"C:/ti/ccs1260/ccs/tools/compiler/ti-cgt-arm_20.2.7.LTS/bin/armcl" -mv7M4 --code_state=16 --float_support=FPv4SPD16 -me --define=ccs="ccs" --define=PART_TM4C123GH6PM -g --gcc --diag_warning=225 --diag_wrap=off --display_error_number --abi=eabi -z -m"TIVAC-(SYSTICKTIMER)Example(1).map" --heap_size=0 --stack_size=512 -i"C:/ti/ccs1260/ccs/tools/compiler/ti-cgt-arm_20.2.7.LTS/lib" -i"C:/ti/ccs1260/ccs/tools/compiler/ti-cgt-arm_20.2.7.LTS/include" --reread_libs --diag_wrap=off --display_error_number --warn_sections --xml_link_info="TIVAC-(SYSTICKTIMER)Example(1)_linkInfo.xml" --rom_model -o "TIVAC-(SYSTICKTIMER)Example(1).out" "./main.obj" "./tm4c123gh6pm_startup_ccs.obj" "../tm4c123gh6pm.cmd"  -llibc.a 
<Linking>
Finished building target: "TIVAC-(SYSTICKTIMER)Example(1).out"
 

**** Build Finished ****

**** Build of configuration Debug for project TIVAC-(SYSTICKTIMER)Example(2) ****

"C:\\ti\\ccs1260\\ccs\\utils\\bin\\gmake" -k -j 4 all -O 
 
Building file: "../main.c"
Invoking: Arm Compiler
"C:/ti/ccs1260/ccs/tools/compiler/ti-cgt-arm_20.2.7.LTS/bin/armcl" -mv7M4 --code_state=16 --float_support=FPv4SPD16 -me --include_path="C:/Users/shady/Desktop/TIVA-C(WORKSPACE)/TIVAC-(SYSTICKTIMER)Example(2)" --include_path="C:/ti/ccs1260/ccs/tools/compiler/ti-cgt-arm_20.2.7.LTS/include" --define=ccs="ccs" --define=PART_TM4C123GH6PM -g --gcc --diag_warning=225 --diag_wrap=off --display_error_number --abi=eabi --preproc_with_compile --preproc_dependency="main.d_raw"  "../main.c"
Finished building: "../main.c"
 
Building file: "../tm4c123gh6pm_startup_ccs.c"
Invoking: Arm Compiler
"C:/ti/ccs1260/ccs/tools/compiler/ti-cgt-arm_20.2.7.LTS/bin/armcl" -mv7M4 --code_state=16 --float_support=FPv4SPD16 -me --include_path="C:/Users/shady/Desktop/TIVA-C(WORKSPACE)/TIVAC-(SYSTICKTIMER)Example(2)" --include_path="C:/ti/ccs1260/ccs/tools/compiler/ti-cgt-arm_20.2.7.LTS/include" --define=ccs="ccs" --define=PART_TM4C123GH6PM -g --gcc --diag_warning=225 --diag_wrap=off --display_error_number --abi=eabi --preproc_with_compile --preproc_dependency="tm4c123gh6pm_startup_ccs.d_raw"  "../tm4c123gh6pm_startup_ccs.c"
Finished building: "../tm4c123gh6pm_startup_ccs.c"
 
Building target: "TIVAC-(SYSTICKTIMER)Example(2).out"
Invoking: Arm Linker
"C:/ti/ccs1260/ccs/tools/compiler/ti-cgt-arm_20.2.7.LTS/bin/armcl" -mv7M4 --code_state=16 --float_support=FPv4SPD16 -me --define=ccs="ccs" --define=PART_TM4C123GH6PM -g --gcc --diag_warning=225 --diag_wrap=off --display_error_number --abi=eabi -z -m"TIVAC-(SYSTICKTIMER)Example(2).map" --heap_size=0 --stack_size=512 -i"C:/ti/ccs1260/ccs/tools/compiler/ti-cgt-arm_20.2.7.LTS/lib" -i"C:/ti/ccs1260/ccs/tools/compiler/ti-cgt-arm_20.2.7.LTS/include" --reread_libs --diag_wrap=off --display_error_number --warn_sections --xml_link_info="TIVAC-(SYSTICKTIMER)Example(2)_linkInfo.xml" --rom_model -o "TIVAC-(SYSTICKTIMER)Example(2).out" "./main.obj" "./tm4c123gh6pm_startup_ccs.obj" "../tm4c123gh6pm.cmd"  -llibc.a 
<Linking>
Finished building target: "TIVAC-(SYSTICKTIMER)Example(2).out"
 

**** Build Finished ****

**** Build of configuration Debug for project TIVAC-(PLL)Example(1) ****

"C:\\ti\\ccs1260\\ccs\\utils\\bin\\gmake" -k -j 4 all -O 
 
Building file: "../tm4c123gh6pm_startup_ccs.c"
Invoking: Arm Compiler
"C:/ti/ccs1260/ccs/tools/compiler/ti-cgt-arm_20.2.7.LTS/bin/armcl" -mv7M4 --code_state=16 --float_support=FPv4SPD16 -me --include_path="C:/Users/shady/Desktop/TIVA-C(WORKSPACE)/TIVAC-(PLL)Example(1)" --include_path="C:/ti/ccs1260/ccs/tools/compiler/ti-cgt-arm_20.2.7.LTS/include" --define=ccs="ccs" --define=PART_TM4C123GH6PM -g --gcc --diag_warning=225 --diag_wrap=off --display_error_number --abi=eabi --preproc_with_compile --preproc_dependency="tm4c123gh6pm_startup_ccs.d_raw"  "../tm4c123gh6pm_startup_ccs.c"
Finished building: "../tm4c123gh6pm_startup_ccs.c"
 
Building file: "../main.c"
Invoking: Arm Compiler
"C:/ti/ccs1260/ccs/tools/compiler/ti-cgt-arm_20.2.7.LTS/bin/armcl" -mv7M4 --code_state=16 --float_support=FPv4SPD16 -me --include_path="C:/Users/shady/Desktop/TIVA-C(WORKSPACE)/TIVAC-(PLL)Example(1)" --include_path="C:/ti/ccs1260/ccs/tools/compiler/ti-cgt-arm_20.2.7.LTS/include" --define=ccs="ccs" --define=PART_TM4C123GH6PM -g --gcc --diag_warning=225 --diag_wrap=off --display_error_number --abi=eabi --preproc_with_compile --preproc_dependency="main.d_raw"  "../main.c"
Finished building: "../main.c"
 
Building target: "TIVAC-(PLL)Example(1).out"
Invoking: Arm Linker
"C:/ti/ccs1260/ccs/tools/compiler/ti-cgt-arm_20.2.7.LTS/bin/armcl" -mv7M4 --code_state=16 --float_support=FPv4SPD16 -me --define=ccs="ccs" --define=PART_TM4C123GH6PM -g --gcc --diag_warning=225 --diag_wrap=off --display_error_number --abi=eabi -z -m"TIVAC-(PLL)Example(1).map" --heap_size=0 --stack_size=512 -i"C:/ti/ccs1260/ccs/tools/compiler/ti-cgt-arm_20.2.7.LTS/lib" -i"C:/ti/ccs1260/ccs/tools/compiler/ti-cgt-arm_20.2.7.LTS/include" --reread_libs --diag_wrap=off --display_error_number --warn_sections --xml_link_info="TIVAC-(PLL)Example(1)_linkInfo.xml" --rom_model -o "TIVAC-(PLL)Example(1).out" "./main.obj" "./tm4c123gh6pm_startup_ccs.obj" "../tm4c123gh6pm.cmd"  -llibc.a 
<Linking>
Finished building target: "TIVAC-(PLL)Example(1).out"
 

**** Build Finished ****

**** Build of configuration Debug for project TIVAC-(PLL)Example(2) ****

"C:\\ti\\ccs1260\\ccs\\utils\\bin\\gmake" -k -j 4 all -O 
 
Building file: "../main.c"
Invoking: Arm Compiler
"C:/ti/ccs1260/ccs/tools/compiler/ti-cgt-arm_20.2.7.LTS/bin/armcl" -mv7M4 --code_state=16 --float_support=FPv4SPD16 -me --include_path="C:/Users/shady/Desktop/TIVA-C(WORKSPACE)/TIVAC-(PLL)Example(2)" --include_path="C:/ti/ccs1260/ccs/tools/compiler/ti-cgt-arm_20.2.7.LTS/include" --define=ccs="ccs" --define=PART_TM4C123GH6PM -g --gcc --diag_warning=225 --diag_wrap=off --display_error_number --abi=eabi --preproc_with_compile --preproc_dependency="main.d_raw"  "../main.c"
Finished building: "../main.c"
 
Building file: "../tm4c123gh6pm_startup_ccs.c"
Invoking: Arm Compiler
"C:/ti/ccs1260/ccs/tools/compiler/ti-cgt-arm_20.2.7.LTS/bin/armcl" -mv7M4 --code_state=16 --float_support=FPv4SPD16 -me --include_path="C:/Users/shady/Desktop/TIVA-C(WORKSPACE)/TIVAC-(PLL)Example(2)" --include_path="C:/ti/ccs1260/ccs/tools/compiler/ti-cgt-arm_20.2.7.LTS/include" --define=ccs="ccs" --define=PART_TM4C123GH6PM -g --gcc --diag_warning=225 --diag_wrap=off --display_error_number --abi=eabi --preproc_with_compile --preproc_dependency="tm4c123gh6pm_startup_ccs.d_raw"  "../tm4c123gh6pm_startup_ccs.c"
Finished building: "../tm4c123gh6pm_startup_ccs.c"
 
Building target: "TIVAC-(PLL)Example(2).out"
Invoking: Arm Linker
"C:/ti/ccs1260/ccs/tools/compiler/ti-cgt-arm_20.2.7.LTS/bin/armcl" -mv7M4 --code_state=16 --float_support=FPv4SPD16 -me --define=ccs="ccs" --define=PART_TM4C123GH6PM -g --gcc --diag_warning=225 --diag_wrap=off --display_error_number --abi=eabi -z -m"TIVAC-(PLL)Example(2).map" --heap_size=0 --stack_size=512 -i"C:/ti/ccs1260/ccs/tools/compiler/ti-cgt-arm_20.2.7.LTS/lib" -i"C:/ti/ccs1260/ccs/tools/compiler/ti-cgt-arm_20.2.7.LTS/include" --reread_libs --diag_wrap=off --display_error_number --warn_sections --xml_link_info="TIVAC-(PLL)Example(2)_linkInfo.xml" --rom_model -o "TIVAC-(PLL)Example(2).out" "./main.obj" "./tm4c123gh6pm_startup_ccs.obj" "../tm4c123gh6pm.cmd"  -llibc.a 
<Linking>
Finished building target: "TIVAC-(PLL)Example(2).out"
 

**** Build Finished ****

**** Clean-only build of configuration Debug for project Exercise2 ****

"C:\\ti\\ccs1260\\ccs\\utils\\bin\\gmake" -k -j 4 clean -O 
 
DEL /F  "Exercise2.out" 
DEL /F "main.obj" "tm4c123gh6pm_startup_ccs.obj" 
DEL /F "main.d" "tm4c123gh6pm_startup_ccs.d" 
Finished clean
 

**** Build Finished ****

**** Build of configuration Debug for project Exercise2 ****

"C:\\ti\\ccs1260\\ccs\\utils\\bin\\gmake" -k -j 4 all -O 
 
Building file: "../main.c"
Invoking: Arm Compiler
"C:/ti/ccs1260/ccs/tools/compiler/ti-cgt-arm_20.2.7.LTS/bin/armcl" -mv7M4 --code_state=16 --float_support=FPv4SPD16 -me --include_path="C:/Users/shady/Desktop/Edges Training/Training Examples/4.NVIC_Exercises_WS/4.NVIC_Exercises_WS/Exercise2" --include_path="C:/ti/ccs1260/ccs/tools/compiler/ti-cgt-arm_20.2.7.LTS/include" --define=ccs="ccs" --define=PART_TM4C123GH6PM -g --gcc --diag_warning=225 --diag_wrap=off --display_error_number --abi=eabi --preproc_with_compile --preproc_dependency="main.d_raw"  "../main.c"
Finished building: "../main.c"
 
Building file: "../tm4c123gh6pm_startup_ccs.c"
Invoking: Arm Compiler
"C:/ti/ccs1260/ccs/tools/compiler/ti-cgt-arm_20.2.7.LTS/bin/armcl" -mv7M4 --code_state=16 --float_support=FPv4SPD16 -me --include_path="C:/Users/shady/Desktop/Edges Training/Training Examples/4.NVIC_Exercises_WS/4.NVIC_Exercises_WS/Exercise2" --include_path="C:/ti/ccs1260/ccs/tools/compiler/ti-cgt-arm_20.2.7.LTS/include" --define=ccs="ccs" --define=PART_TM4C123GH6PM -g --gcc --diag_warning=225 --diag_wrap=off --display_error_number --abi=eabi --preproc_with_compile --preproc_dependency="tm4c123gh6pm_startup_ccs.d_raw"  "../tm4c123gh6pm_startup_ccs.c"
Finished building: "../tm4c123gh6pm_startup_ccs.c"
 
Building target: "Exercise2.out"
Invoking: Arm Linker
"C:/ti/ccs1260/ccs/tools/compiler/ti-cgt-arm_20.2.7.LTS/bin/armcl" -mv7M4 --code_state=16 --float_support=FPv4SPD16 -me --define=ccs="ccs" --define=PART_TM4C123GH6PM -g --gcc --diag_warning=225 --diag_wrap=off --display_error_number --abi=eabi -z -m"Exercise2.map" --heap_size=0 --stack_size=512 -i"C:/ti/ccs1260/ccs/tools/compiler/ti-cgt-arm_20.2.7.LTS/lib" -i"C:/ti/ccs1260/ccs/tools/compiler/ti-cgt-arm_20.2.7.LTS/include" --reread_libs --diag_wrap=off --display_error_number --warn_sections --xml_link_info="Exercise2_linkInfo.xml" --rom_model -o "Exercise2.out" "./main.obj" "./tm4c123gh6pm_startup_ccs.obj" "../tm4c123gh6pm.cmd"  -llibc.a 
<Linking>
Finished building target: "Exercise2.out"
 

**** Build Finished ****

**** Build of configuration Debug for project Exercise2 ****

"C:\\ti\\ccs1260\\ccs\\utils\\bin\\gmake" -k -j 4 all -O 
 
gmake[1]: 'Exercise2.out' is up to date.

**** Build Finished ****

**** Build of configuration Debug for project TIVAC-(GPIO)Example(4) ****

"C:\\ti\\ccs1260\\ccs\\utils\\bin\\gmake" -k -j 4 all -O 
 
gmake[1]: 'TIVAC-(GPIO)Example(4).out' is up to date.

**** Build Finished ****

**** Build of configuration Debug for project TIVAC-(GPIO)Example(4) ****

"C:\\ti\\ccs1260\\ccs\\utils\\bin\\gmake" -k -j 4 all -O 
 
gmake[1]: 'TIVAC-(GPIO)Example(4).out' is up to date.

**** Build Finished ****

**** Build of configuration Debug for project TIVAC-(GPIO)Example(4) ****

"C:\\ti\\ccs1260\\ccs\\utils\\bin\\gmake" -k -j 4 all -O 
 
gmake[1]: 'TIVAC-(GPIO)Example(4).out' is up to date.

**** Build Finished ****

**** Build of configuration Debug for project TIVAC-(GPIO)Example(4) ****

"C:\\ti\\ccs1260\\ccs\\utils\\bin\\gmake" -k -j 4 all -O 
 
gmake[1]: 'TIVAC-(GPIO)Example(4).out' is up to date.

**** Build Finished ****

**** Build of configuration Debug for project TIVAC-(GPIO)Example(4) ****

"C:\\ti\\ccs1260\\ccs\\utils\\bin\\gmake" -k -j 4 all -O 
 
gmake[1]: 'TIVAC-(GPIO)Example(4).out' is up to date.

**** Build Finished ****

**** Build of configuration Debug for project TIVAC-(GPIO)Example(4) ****

"C:\\ti\\ccs1260\\ccs\\utils\\bin\\gmake" -k -j 4 all -O 
 
gmake[1]: 'TIVAC-(GPIO)Example(4).out' is up to date.

**** Build Finished ****

**** Build of configuration Debug for project TIVAC-(GPIO)Example(4) ****

"C:\\ti\\ccs1260\\ccs\\utils\\bin\\gmake" -k -j 4 all -O 
 
gmake[1]: 'TIVAC-(GPIO)Example(4).out' is up to date.

**** Build Finished ****

**** Build of configuration Debug for project TIVAC-(GPIO)Example(4) ****

"C:\\ti\\ccs1260\\ccs\\utils\\bin\\gmake" -k -j 4 all -O 
 
Building file: "../main.c"
Invoking: Arm Compiler
"C:/ti/ccs1260/ccs/tools/compiler/ti-cgt-arm_20.2.7.LTS/bin/armcl" -mv7M4 --code_state=16 --float_support=FPv4SPD16 -me --include_path="C:/Users/shady/Desktop/TIVA-C(WORKSPACE)/TIVAC-(GPIO)Example(4)" --include_path="C:/ti/ccs1260/ccs/tools/compiler/ti-cgt-arm_20.2.7.LTS/include" --define=ccs="ccs" --define=PART_TM4C123GH6PM -g --gcc --diag_warning=225 --diag_wrap=off --display_error_number --abi=eabi --preproc_with_compile --preproc_dependency="main.d_raw"  "../main.c"
 
>> Compilation failure
subdir_rules.mk:9: recipe for target 'main.obj' failed
"../main.c", line 78: error #29: expected an expression
"../main.c", line 94: warning #12-D: parsing restarts here after previous syntax error
"../main.c", line 94: error #66: expected a ";"
"../main.c", line 75: warning #552-D: variable "SW1_Flag" was set but never used
2 errors detected in the compilation of "../main.c".
gmake: *** [main.obj] Error 1
gmake: Target 'all' not remade because of errors.

**** Build Finished ****

**** Build of configuration Debug for project TIVAC-(GPIO)Example(4) ****

"C:\\ti\\ccs1260\\ccs\\utils\\bin\\gmake" -k -j 4 all -O 
 
Building file: "../main.c"
Invoking: Arm Compiler
"C:/ti/ccs1260/ccs/tools/compiler/ti-cgt-arm_20.2.7.LTS/bin/armcl" -mv7M4 --code_state=16 --float_support=FPv4SPD16 -me --include_path="C:/Users/shady/Desktop/TIVA-C(WORKSPACE)/TIVAC-(GPIO)Example(4)" --include_path="C:/ti/ccs1260/ccs/tools/compiler/ti-cgt-arm_20.2.7.LTS/include" --define=ccs="ccs" --define=PART_TM4C123GH6PM -g --gcc --diag_warning=225 --diag_wrap=off --display_error_number --abi=eabi --preproc_with_compile --preproc_dependency="main.d_raw"  "../main.c"
Finished building: "../main.c"
 
Building target: "TIVAC-(GPIO)Example(4).out"
Invoking: Arm Linker
"C:/ti/ccs1260/ccs/tools/compiler/ti-cgt-arm_20.2.7.LTS/bin/armcl" -mv7M4 --code_state=16 --float_support=FPv4SPD16 -me --define=ccs="ccs" --define=PART_TM4C123GH6PM -g --gcc --diag_warning=225 --diag_wrap=off --display_error_number --abi=eabi -z -m"TIVAC-(GPIO)Example(4).map" --heap_size=0 --stack_size=512 -i"C:/ti/ccs1260/ccs/tools/compiler/ti-cgt-arm_20.2.7.LTS/lib" -i"C:/ti/ccs1260/ccs/tools/compiler/ti-cgt-arm_20.2.7.LTS/include" --reread_libs --diag_wrap=off --display_error_number --warn_sections --xml_link_info="TIVAC-(GPIO)Example(4)_linkInfo.xml" --rom_model -o "TIVAC-(GPIO)Example(4).out" "./main.obj" "./tm4c123gh6pm_startup_ccs.obj" "../tm4c123gh6pm.cmd"  -llibc.a 
<Linking>
Finished building target: "TIVAC-(GPIO)Example(4).out"
 

**** Build Finished ****

**** Build of configuration Debug for project TIVAC-(GPIO)Example(4) ****

"C:\\ti\\ccs1260\\ccs\\utils\\bin\\gmake" -k -j 4 all -O 
 
gmake[1]: 'TIVAC-(GPIO)Example(4).out' is up to date.

**** Build Finished ****

**** Build of configuration Debug for project TIVAC-(GPIO)Example(4) ****

"C:\\ti\\ccs1260\\ccs\\utils\\bin\\gmake" -k -j 4 all -O 
 
Building file: "../main.c"
Invoking: Arm Compiler
"C:/ti/ccs1260/ccs/tools/compiler/ti-cgt-arm_20.2.7.LTS/bin/armcl" -mv7M4 --code_state=16 --float_support=FPv4SPD16 -me --include_path="C:/Users/shady/Desktop/TIVA-C(WORKSPACE)/TIVAC-(GPIO)Example(4)" --include_path="C:/ti/ccs1260/ccs/tools/compiler/ti-cgt-arm_20.2.7.LTS/include" --define=ccs="ccs" --define=PART_TM4C123GH6PM -g --gcc --diag_warning=225 --diag_wrap=off --display_error_number --abi=eabi --preproc_with_compile --preproc_dependency="main.d_raw"  "../main.c"
Finished building: "../main.c"
 
Building target: "TIVAC-(GPIO)Example(4).out"
Invoking: Arm Linker
"C:/ti/ccs1260/ccs/tools/compiler/ti-cgt-arm_20.2.7.LTS/bin/armcl" -mv7M4 --code_state=16 --float_support=FPv4SPD16 -me --define=ccs="ccs" --define=PART_TM4C123GH6PM -g --gcc --diag_warning=225 --diag_wrap=off --display_error_number --abi=eabi -z -m"TIVAC-(GPIO)Example(4).map" --heap_size=0 --stack_size=512 -i"C:/ti/ccs1260/ccs/tools/compiler/ti-cgt-arm_20.2.7.LTS/lib" -i"C:/ti/ccs1260/ccs/tools/compiler/ti-cgt-arm_20.2.7.LTS/include" --reread_libs --diag_wrap=off --display_error_number --warn_sections --xml_link_info="TIVAC-(GPIO)Example(4)_linkInfo.xml" --rom_model -o "TIVAC-(GPIO)Example(4).out" "./main.obj" "./tm4c123gh6pm_startup_ccs.obj" "../tm4c123gh6pm.cmd"  -llibc.a 
<Linking>
Finished building target: "TIVAC-(GPIO)Example(4).out"
 

**** Build Finished ****

**** Build of configuration Debug for project TIVAC-(GPIO)Example(4) ****

"C:\\ti\\ccs1260\\ccs\\utils\\bin\\gmake" -k -j 4 all -O 
 
gmake[1]: 'TIVAC-(GPIO)Example(4).out' is up to date.

**** Build Finished ****

**** Build of configuration Debug for project TIVAC-(GPIO)Example(4) ****

"C:\\ti\\ccs1260\\ccs\\utils\\bin\\gmake" -k -j 4 all -O 
 
Building file: "../main.c"
Invoking: Arm Compiler
"C:/ti/ccs1260/ccs/tools/compiler/ti-cgt-arm_20.2.7.LTS/bin/armcl" -mv7M4 --code_state=16 --float_support=FPv4SPD16 -me --include_path="C:/Users/shady/Desktop/TIVA-C(WORKSPACE)/TIVAC-(GPIO)Example(4)" --include_path="C:/ti/ccs1260/ccs/tools/compiler/ti-cgt-arm_20.2.7.LTS/include" --define=ccs="ccs" --define=PART_TM4C123GH6PM -g --gcc --diag_warning=225 --diag_wrap=off --display_error_number --abi=eabi --preproc_with_compile --preproc_dependency="main.d_raw"  "../main.c"
Finished building: "../main.c"
 
Building target: "TIVAC-(GPIO)Example(4).out"
Invoking: Arm Linker
"C:/ti/ccs1260/ccs/tools/compiler/ti-cgt-arm_20.2.7.LTS/bin/armcl" -mv7M4 --code_state=16 --float_support=FPv4SPD16 -me --define=ccs="ccs" --define=PART_TM4C123GH6PM -g --gcc --diag_warning=225 --diag_wrap=off --display_error_number --abi=eabi -z -m"TIVAC-(GPIO)Example(4).map" --heap_size=0 --stack_size=512 -i"C:/ti/ccs1260/ccs/tools/compiler/ti-cgt-arm_20.2.7.LTS/lib" -i"C:/ti/ccs1260/ccs/tools/compiler/ti-cgt-arm_20.2.7.LTS/include" --reread_libs --diag_wrap=off --display_error_number --warn_sections --xml_link_info="TIVAC-(GPIO)Example(4)_linkInfo.xml" --rom_model -o "TIVAC-(GPIO)Example(4).out" "./main.obj" "./tm4c123gh6pm_startup_ccs.obj" "../tm4c123gh6pm.cmd"  -llibc.a 
<Linking>
Finished building target: "TIVAC-(GPIO)Example(4).out"
 

**** Build Finished ****

**** Build of configuration Debug for project TIVAC-(GPIO)Example(4) ****

"C:\\ti\\ccs1260\\ccs\\utils\\bin\\gmake" -k -j 4 all -O 
 
gmake[1]: 'TIVAC-(GPIO)Example(4).out' is up to date.

**** Build Finished ****

**** Build of configuration Debug for project TIVAC-(GPIO)Example(4) ****

"C:\\ti\\ccs1260\\ccs\\utils\\bin\\gmake" -k -j 4 all -O 
 
Building file: "../main.c"
Invoking: Arm Compiler
"C:/ti/ccs1260/ccs/tools/compiler/ti-cgt-arm_20.2.7.LTS/bin/armcl" -mv7M4 --code_state=16 --float_support=FPv4SPD16 -me --include_path="C:/Users/shady/Desktop/TIVA-C(WORKSPACE)/TIVAC-(GPIO)Example(4)" --include_path="C:/ti/ccs1260/ccs/tools/compiler/ti-cgt-arm_20.2.7.LTS/include" --define=ccs="ccs" --define=PART_TM4C123GH6PM -g --gcc --diag_warning=225 --diag_wrap=off --display_error_number --abi=eabi --preproc_with_compile --preproc_dependency="main.d_raw"  "../main.c"
 
>> Compilation failure
subdir_rules.mk:9: recipe for target 'main.obj' failed
"../main.c", line 76: error #141: too many arguments in function call
"../main.c", line 76: error #71: incomplete type is not allowed
"../main.c", line 76: error #18: expected a ")"
3 errors detected in the compilation of "../main.c".
gmake: *** [main.obj] Error 1
gmake: Target 'all' not remade because of errors.

**** Build Finished ****

**** Build of configuration Debug for project TIVAC-(GPIO)Example(4) ****

"C:\\ti\\ccs1260\\ccs\\utils\\bin\\gmake" -k -j 4 all -O 
 
Building file: "../main.c"
Invoking: Arm Compiler
"C:/ti/ccs1260/ccs/tools/compiler/ti-cgt-arm_20.2.7.LTS/bin/armcl" -mv7M4 --code_state=16 --float_support=FPv4SPD16 -me --include_path="C:/Users/shady/Desktop/TIVA-C(WORKSPACE)/TIVAC-(GPIO)Example(4)" --include_path="C:/ti/ccs1260/ccs/tools/compiler/ti-cgt-arm_20.2.7.LTS/include" --define=ccs="ccs" --define=PART_TM4C123GH6PM -g --gcc --diag_warning=225 --diag_wrap=off --display_error_number --abi=eabi --preproc_with_compile --preproc_dependency="main.d_raw"  "../main.c"
Finished building: "../main.c"
 
Building target: "TIVAC-(GPIO)Example(4).out"
Invoking: Arm Linker
"C:/ti/ccs1260/ccs/tools/compiler/ti-cgt-arm_20.2.7.LTS/bin/armcl" -mv7M4 --code_state=16 --float_support=FPv4SPD16 -me --define=ccs="ccs" --define=PART_TM4C123GH6PM -g --gcc --diag_warning=225 --diag_wrap=off --display_error_number --abi=eabi -z -m"TIVAC-(GPIO)Example(4).map" --heap_size=0 --stack_size=512 -i"C:/ti/ccs1260/ccs/tools/compiler/ti-cgt-arm_20.2.7.LTS/lib" -i"C:/ti/ccs1260/ccs/tools/compiler/ti-cgt-arm_20.2.7.LTS/include" --reread_libs --diag_wrap=off --display_error_number --warn_sections --xml_link_info="TIVAC-(GPIO)Example(4)_linkInfo.xml" --rom_model -o "TIVAC-(GPIO)Example(4).out" "./main.obj" "./tm4c123gh6pm_startup_ccs.obj" "../tm4c123gh6pm.cmd"  -llibc.a 
<Linking>
Finished building target: "TIVAC-(GPIO)Example(4).out"
 

**** Build Finished ****

**** Build of configuration Debug for project TIVAC-(GPIO)Example(4) ****

"C:\\ti\\ccs1260\\ccs\\utils\\bin\\gmake" -k -j 4 all -O 
 
gmake[1]: 'TIVAC-(GPIO)Example(4).out' is up to date.

**** Build Finished ****

**** Build of configuration Debug for project TIVAC-(GPIO)Example(4) ****

"C:\\ti\\ccs1260\\ccs\\utils\\bin\\gmake" -k -j 4 all -O 
 
Building file: "../main.c"
Invoking: Arm Compiler
"C:/ti/ccs1260/ccs/tools/compiler/ti-cgt-arm_20.2.7.LTS/bin/armcl" -mv7M4 --code_state=16 --float_support=FPv4SPD16 -me --include_path="C:/Users/shady/Desktop/TIVA-C(WORKSPACE)/TIVAC-(GPIO)Example(4)" --include_path="C:/ti/ccs1260/ccs/tools/compiler/ti-cgt-arm_20.2.7.LTS/include" --define=ccs="ccs" --define=PART_TM4C123GH6PM -g --gcc --diag_warning=225 --diag_wrap=off --display_error_number --abi=eabi --preproc_with_compile --preproc_dependency="main.d_raw"  "../main.c"
Finished building: "../main.c"
 
Building target: "TIVAC-(GPIO)Example(4).out"
Invoking: Arm Linker
"C:/ti/ccs1260/ccs/tools/compiler/ti-cgt-arm_20.2.7.LTS/bin/armcl" -mv7M4 --code_state=16 --float_support=FPv4SPD16 -me --define=ccs="ccs" --define=PART_TM4C123GH6PM -g --gcc --diag_warning=225 --diag_wrap=off --display_error_number --abi=eabi -z -m"TIVAC-(GPIO)Example(4).map" --heap_size=0 --stack_size=512 -i"C:/ti/ccs1260/ccs/tools/compiler/ti-cgt-arm_20.2.7.LTS/lib" -i"C:/ti/ccs1260/ccs/tools/compiler/ti-cgt-arm_20.2.7.LTS/include" --reread_libs --diag_wrap=off --display_error_number --warn_sections --xml_link_info="TIVAC-(GPIO)Example(4)_linkInfo.xml" --rom_model -o "TIVAC-(GPIO)Example(4).out" "./main.obj" "./tm4c123gh6pm_startup_ccs.obj" "../tm4c123gh6pm.cmd"  -llibc.a 
<Linking>
Finished building target: "TIVAC-(GPIO)Example(4).out"
 

**** Build Finished ****

**** Build of configuration Debug for project TIVAC-(GPIO)Example(4) ****

"C:\\ti\\ccs1260\\ccs\\utils\\bin\\gmake" -k -j 4 all -O 
 
gmake[1]: 'TIVAC-(GPIO)Example(4).out' is up to date.

**** Build Finished ****

**** Build of configuration Debug for project TIVAC-(GPIO)Example(1) ****

"C:\\ti\\ccs1260\\ccs\\utils\\bin\\gmake" -k -j 4 all -O 
 
gmake[1]: 'TIVAC-(GPIO)Example(1).out' is up to date.

**** Build Finished ****

**** Build of configuration Debug for project TIVAC-(GPIO)Example(1) ****

"C:\\ti\\ccs1260\\ccs\\utils\\bin\\gmake" -k -j 4 all -O 
 
gmake[1]: 'TIVAC-(GPIO)Example(1).out' is up to date.

**** Build Finished ****

**** Build of configuration Debug for project TIVAC-(GPIO)Example(2) ****

"C:\\ti\\ccs1260\\ccs\\utils\\bin\\gmake" -k -j 4 all -O 
 
gmake[1]: 'TIVAC-(GPIO)Example(2).out' is up to date.

**** Build Finished ****

**** Build of configuration Debug for project TIVAC-(GPIO)Example(2) ****

"C:\\ti\\ccs1260\\ccs\\utils\\bin\\gmake" -k -j 4 all -O 
 
gmake[1]: 'TIVAC-(GPIO)Example(2).out' is up to date.

**** Build Finished ****

**** Build of configuration Debug for project TIVAC-(GPIO)Example(1) ****

"C:\\ti\\ccs1260\\ccs\\utils\\bin\\gmake" -k -j 4 all -O 
 
gmake[1]: 'TIVAC-(GPIO)Example(1).out' is up to date.

**** Build Finished ****

**** Build of configuration Debug for project TIVAC-(GPIO)Example(1) ****

"C:\\ti\\ccs1260\\ccs\\utils\\bin\\gmake" -k -j 4 all -O 
 
gmake[1]: 'TIVAC-(GPIO)Example(1).out' is up to date.

**** Build Finished ****

**** Build of configuration Debug for project TIVAC-(GPIO)Example(1) ****

"C:\\ti\\ccs1260\\ccs\\utils\\bin\\gmake" -k -j 4 all -O 
 
gmake[1]: 'TIVAC-(GPIO)Example(1).out' is up to date.

**** Build Finished ****

**** Build of configuration Debug for project TIVAC-(GPIO)Example(1) ****

"C:\\ti\\ccs1260\\ccs\\utils\\bin\\gmake" -k -j 4 all -O 
 
gmake[1]: 'TIVAC-(GPIO)Example(1).out' is up to date.

**** Build Finished ****

**** Build of configuration Debug for project TIVAC-(GPIO)Example(1) ****

"C:\\ti\\ccs1260\\ccs\\utils\\bin\\gmake" -k -j 4 all -O 
 
gmake[1]: 'TIVAC-(GPIO)Example(1).out' is up to date.

**** Build Finished ****

**** Build of configuration Debug for project TIVAC-(GPIO)Example(1) ****

"C:\\ti\\ccs1260\\ccs\\utils\\bin\\gmake" -k -j 4 all -O 
 
gmake[1]: 'TIVAC-(GPIO)Example(1).out' is up to date.

**** Build Finished ****

**** Build of configuration Debug for project TIVAC-(GPIO)Example(1) ****

"C:\\ti\\ccs1260\\ccs\\utils\\bin\\gmake" -k -j 4 all -O 
 
gmake[1]: 'TIVAC-(GPIO)Example(1).out' is up to date.

**** Build Finished ****

**** Build of configuration Debug for project TIVAC-(GPIO)Example(1) ****

"C:\\ti\\ccs1260\\ccs\\utils\\bin\\gmake" -k -j 4 all -O 
 
gmake[1]: 'TIVAC-(GPIO)Example(1).out' is up to date.

**** Build Finished ****

**** Build of configuration Debug for project TIVAC-(GPIO)Example(1) ****

"C:\\ti\\ccs1260\\ccs\\utils\\bin\\gmake" -k -j 4 all -O 
 
gmake[1]: 'TIVAC-(GPIO)Example(1).out' is up to date.

**** Build Finished ****

**** Build of configuration Debug for project TIVAC-(GPIO)Example(2) ****

"C:\\ti\\ccs1260\\ccs\\utils\\bin\\gmake" -k -j 4 all -O 
 
gmake[1]: 'TIVAC-(GPIO)Example(2).out' is up to date.

**** Build Finished ****

**** Build of configuration Debug for project TIVAC-(GPIO)Example(2) ****

"C:\\ti\\ccs1260\\ccs\\utils\\bin\\gmake" -k -j 4 all -O 
 
gmake[1]: 'TIVAC-(GPIO)Example(2).out' is up to date.

**** Build Finished ****

**** Build of configuration Debug for project TIVAC-(GPIO)Example(3) ****

"C:\\ti\\ccs1260\\ccs\\utils\\bin\\gmake" -k -j 4 all -O 
 
Building file: "../main.c"
Invoking: Arm Compiler
"C:/ti/ccs1260/ccs/tools/compiler/ti-cgt-arm_20.2.7.LTS/bin/armcl" -mv7M4 --code_state=16 --float_support=FPv4SPD16 -me --include_path="C:/Users/shady/Desktop/TIVA-C(WORKSPACE)/TIVAC-(GPIO)Example(3)" --include_path="C:/ti/ccs1260/ccs/tools/compiler/ti-cgt-arm_20.2.7.LTS/include" --define=ccs="ccs" --define=PART_TM4C123GH6PM -g --gcc --diag_warning=225 --diag_wrap=off --display_error_number --abi=eabi --preproc_with_compile --preproc_dependency="main.d_raw"  "../main.c"
"../main.c", line 45: warning #112-D: statement is unreachable
Finished building: "../main.c"
 
Building target: "TIVAC-(GPIO)Example(3).out"
Invoking: Arm Linker
"C:/ti/ccs1260/ccs/tools/compiler/ti-cgt-arm_20.2.7.LTS/bin/armcl" -mv7M4 --code_state=16 --float_support=FPv4SPD16 -me --define=ccs="ccs" --define=PART_TM4C123GH6PM -g --gcc --diag_warning=225 --diag_wrap=off --display_error_number --abi=eabi -z -m"TIVAC-(GPIO)Example(3).map" --heap_size=0 --stack_size=512 -i"C:/ti/ccs1260/ccs/tools/compiler/ti-cgt-arm_20.2.7.LTS/lib" -i"C:/ti/ccs1260/ccs/tools/compiler/ti-cgt-arm_20.2.7.LTS/include" --reread_libs --diag_wrap=off --display_error_number --warn_sections --xml_link_info="TIVAC-(GPIO)Example(3)_linkInfo.xml" --rom_model -o "TIVAC-(GPIO)Example(3).out" "./main.obj" "./tm4c123gh6pm_startup_ccs.obj" "../tm4c123gh6pm.cmd"  -llibc.a 
<Linking>
Finished building target: "TIVAC-(GPIO)Example(3).out"
 

**** Build Finished ****

**** Build of configuration Debug for project TIVAC-(GPIO)Example(3) ****

"C:\\ti\\ccs1260\\ccs\\utils\\bin\\gmake" -k -j 4 all -O 
 
gmake[1]: 'TIVAC-(GPIO)Example(3).out' is up to date.

**** Build Finished ****

**** Build of configuration Debug for project TIVAC-(GPIO)Example(4) ****

"C:\\ti\\ccs1260\\ccs\\utils\\bin\\gmake" -k -j 4 all -O 
 
gmake[1]: 'TIVAC-(GPIO)Example(4).out' is up to date.

**** Build Finished ****

**** Build of configuration Debug for project TIVAC-(GPIO)Example(4) ****

"C:\\ti\\ccs1260\\ccs\\utils\\bin\\gmake" -k -j 4 all -O 
 
gmake[1]: 'TIVAC-(GPIO)Example(4).out' is up to date.

**** Build Finished ****

**** Build of configuration Debug for project TIVAC-(SYSTICKTIMER)Example(1) ****

"C:\\ti\\ccs1260\\ccs\\utils\\bin\\gmake" -k -j 4 all -O 
 
gmake[1]: 'TIVAC-(SYSTICKTIMER)Example(1).out' is up to date.

**** Build Finished ****

**** Build of configuration Debug for project TIVAC-(SYSTICKTIMER)Example(1) ****

"C:\\ti\\ccs1260\\ccs\\utils\\bin\\gmake" -k -j 4 all -O 
 
gmake[1]: 'TIVAC-(SYSTICKTIMER)Example(1).out' is up to date.

**** Build Finished ****

**** Build of configuration Debug for project TIVAC-(SYSTICKTIMER)Example(1) ****

"C:\\ti\\ccs1260\\ccs\\utils\\bin\\gmake" -k -j 4 all -O 
 
Building file: "../main.c"
Invoking: Arm Compiler
"C:/ti/ccs1260/ccs/tools/compiler/ti-cgt-arm_20.2.7.LTS/bin/armcl" -mv7M4 --code_state=16 --float_support=FPv4SPD16 -me --include_path="C:/Users/shady/Desktop/TIVA-C(WORKSPACE)/TIVAC-(SYSTICKTIMER)Example(1)" --include_path="C:/ti/ccs1260/ccs/tools/compiler/ti-cgt-arm_20.2.7.LTS/include" --define=ccs="ccs" --define=PART_TM4C123GH6PM -g --gcc --diag_warning=225 --diag_wrap=off --display_error_number --abi=eabi --preproc_with_compile --preproc_dependency="main.d_raw"  "../main.c"
Finished building: "../main.c"
 
Building target: "TIVAC-(SYSTICKTIMER)Example(1).out"
Invoking: Arm Linker
"C:/ti/ccs1260/ccs/tools/compiler/ti-cgt-arm_20.2.7.LTS/bin/armcl" -mv7M4 --code_state=16 --float_support=FPv4SPD16 -me --define=ccs="ccs" --define=PART_TM4C123GH6PM -g --gcc --diag_warning=225 --diag_wrap=off --display_error_number --abi=eabi -z -m"TIVAC-(SYSTICKTIMER)Example(1).map" --heap_size=0 --stack_size=512 -i"C:/ti/ccs1260/ccs/tools/compiler/ti-cgt-arm_20.2.7.LTS/lib" -i"C:/ti/ccs1260/ccs/tools/compiler/ti-cgt-arm_20.2.7.LTS/include" --reread_libs --diag_wrap=off --display_error_number --warn_sections --xml_link_info="TIVAC-(SYSTICKTIMER)Example(1)_linkInfo.xml" --rom_model -o "TIVAC-(SYSTICKTIMER)Example(1).out" "./main.obj" "./tm4c123gh6pm_startup_ccs.obj" "../tm4c123gh6pm.cmd"  -llibc.a 
<Linking>
Finished building target: "TIVAC-(SYSTICKTIMER)Example(1).out"
 

**** Build Finished ****

**** Build of configuration Debug for project TIVAC-(SYSTICKTIMER)Example(1) ****

"C:\\ti\\ccs1260\\ccs\\utils\\bin\\gmake" -k -j 4 all -O 
 
gmake[1]: 'TIVAC-(SYSTICKTIMER)Example(1).out' is up to date.

**** Build Finished ****

**** Build of configuration Debug for project TIVAC-(SYSTICKTIMER)Example(2) ****

"C:\\ti\\ccs1260\\ccs\\utils\\bin\\gmake" -k -j 4 all -O 
 
gmake[1]: 'TIVAC-(SYSTICKTIMER)Example(2).out' is up to date.

**** Build Finished ****

**** Build of configuration Debug for project TIVAC-(SYSTICKTIMER)Example(2) ****

"C:\\ti\\ccs1260\\ccs\\utils\\bin\\gmake" -k -j 4 all -O 
 
gmake[1]: 'TIVAC-(SYSTICKTIMER)Example(2).out' is up to date.

**** Build Finished ****

**** Build of configuration Debug for project TIVAC-(SYSTICKTIMER)Example(2) ****

"C:\\ti\\ccs1260\\ccs\\utils\\bin\\gmake" -k -j 4 all -O 
 
Building file: "../main.c"
Invoking: Arm Compiler
"C:/ti/ccs1260/ccs/tools/compiler/ti-cgt-arm_20.2.7.LTS/bin/armcl" -mv7M4 --code_state=16 --float_support=FPv4SPD16 -me --include_path="C:/Users/shady/Desktop/TIVA-C(WORKSPACE)/TIVAC-(SYSTICKTIMER)Example(2)" --include_path="C:/ti/ccs1260/ccs/tools/compiler/ti-cgt-arm_20.2.7.LTS/include" --define=ccs="ccs" --define=PART_TM4C123GH6PM -g --gcc --diag_warning=225 --diag_wrap=off --display_error_number --abi=eabi --preproc_with_compile --preproc_dependency="main.d_raw"  "../main.c"
Finished building: "../main.c"
 
Building target: "TIVAC-(SYSTICKTIMER)Example(2).out"
Invoking: Arm Linker
"C:/ti/ccs1260/ccs/tools/compiler/ti-cgt-arm_20.2.7.LTS/bin/armcl" -mv7M4 --code_state=16 --float_support=FPv4SPD16 -me --define=ccs="ccs" --define=PART_TM4C123GH6PM -g --gcc --diag_warning=225 --diag_wrap=off --display_error_number --abi=eabi -z -m"TIVAC-(SYSTICKTIMER)Example(2).map" --heap_size=0 --stack_size=512 -i"C:/ti/ccs1260/ccs/tools/compiler/ti-cgt-arm_20.2.7.LTS/lib" -i"C:/ti/ccs1260/ccs/tools/compiler/ti-cgt-arm_20.2.7.LTS/include" --reread_libs --diag_wrap=off --display_error_number --warn_sections --xml_link_info="TIVAC-(SYSTICKTIMER)Example(2)_linkInfo.xml" --rom_model -o "TIVAC-(SYSTICKTIMER)Example(2).out" "./main.obj" "./tm4c123gh6pm_startup_ccs.obj" "../tm4c123gh6pm.cmd"  -llibc.a 
<Linking>
Finished building target: "TIVAC-(SYSTICKTIMER)Example(2).out"
 

**** Build Finished ****

**** Build of configuration Debug for project TIVAC-(SYSTICKTIMER)Example(2) ****

"C:\\ti\\ccs1260\\ccs\\utils\\bin\\gmake" -k -j 4 all -O 
 
gmake[1]: 'TIVAC-(SYSTICKTIMER)Example(2).out' is up to date.

**** Build Finished ****

**** Build of configuration Debug for project TIVAC-(PLL)Example(1) ****

"C:\\ti\\ccs1260\\ccs\\utils\\bin\\gmake" -k -j 4 all -O 
 
gmake[1]: 'TIVAC-(PLL)Example(1).out' is up to date.

**** Build Finished ****

**** Build of configuration Debug for project TIVAC-(PLL)Example(1) ****

"C:\\ti\\ccs1260\\ccs\\utils\\bin\\gmake" -k -j 4 all -O 
 
gmake[1]: 'TIVAC-(PLL)Example(1).out' is up to date.

**** Build Finished ****

**** Build of configuration Debug for project TIVAC-(PLL)Example(2) ****

"C:\\ti\\ccs1260\\ccs\\utils\\bin\\gmake" -k -j 4 all -O 
 
gmake[1]: 'TIVAC-(PLL)Example(2).out' is up to date.

**** Build Finished ****

**** Build of configuration Debug for project TIVAC-(PLL)Example(2) ****

"C:\\ti\\ccs1260\\ccs\\utils\\bin\\gmake" -k -j 4 all -O 
 
gmake[1]: 'TIVAC-(PLL)Example(2).out' is up to date.

**** Build Finished ****

**** Build of configuration Debug for project TIVAC-(PLL)Example(2) ****

"C:\\ti\\ccs1260\\ccs\\utils\\bin\\gmake" -k -j 4 all -O 
 
gmake[1]: 'TIVAC-(PLL)Example(2).out' is up to date.

**** Build Finished ****

**** Build of configuration Debug for project TIVAC-(PLL)Example(2) ****

"C:\\ti\\ccs1260\\ccs\\utils\\bin\\gmake" -k -j 4 all -O 
 
gmake[1]: 'TIVAC-(PLL)Example(2).out' is up to date.

**** Build Finished ****
